2023-06-11 16:13:46,154 INFO  [http-nio-8084-exec-9] c.e.D.controllers.ObjectController - All objects by admin@gmail.com [ADMIN]
2023-06-11 16:13:58,095 INFO  [http-nio-8084-exec-1] c.e.D.c.MaterialsController - All materials by admin@gmail.com [ADMIN]
2023-06-11 16:14:29,084 INFO  [http-nio-8084-exec-1] c.e.D.controllers.ObjectController - All objects by admin@gmail.com [ADMIN]
2023-06-11 16:15:01,346 INFO  [http-nio-8084-exec-1] c.e.D.controllers.MainController - Statistic page by admin@gmail.com [ADMIN]
2023-06-11 16:15:16,195 INFO  [http-nio-8084-exec-10] c.e.D.controllers.MainController - Statistic page by amirbanor@gmail.com [MANAGER]
2023-06-11 16:15:43,946 INFO  [http-nio-8084-exec-10] c.e.D.controllers.MainController - Statistic page by admin@gmail.com [ADMIN]
2023-06-11 16:15:49,998 INFO  [http-nio-8084-exec-7] c.e.D.controllers.ObjectController - All objects by amirbanor@gmail.com [MANAGER]
2023-06-11 16:15:53,889 INFO  [http-nio-8084-exec-2] c.e.D.controllers.ObjectController - All objects by admin@gmail.com [ADMIN]
2023-06-11 16:46:16,907 INFO  [http-nio-8084-exec-4] c.e.D.controllers.ObjectController - All objects by amirbanor@gmail.com [MANAGER]
2023-06-11 16:46:22,412 INFO  [http-nio-8084-exec-10] c.e.D.controllers.MainController - Statistic page by amirbanor@gmail.com [MANAGER]
2023-06-11 16:47:02,353 INFO  [http-nio-8084-exec-9] c.e.D.controllers.MainController - Statistic page by amirbanor@gmail.com [MANAGER]
2023-06-11 16:47:36,221 INFO  [http-nio-8084-exec-1] c.e.D.controllers.MainController - Statistic page by amirbanor@gmail.com [MANAGER]
2023-06-11 16:48:09,262 INFO  [http-nio-8084-exec-3] c.e.D.controllers.MainController - Statistic page by amirbanor@gmail.com [MANAGER]
2023-06-11 16:48:10,606 INFO  [http-nio-8084-exec-10] c.e.D.controllers.MainController - Statistic page by amirbanor@gmail.com [MANAGER]
2023-06-11 16:48:13,127 INFO  [http-nio-8084-exec-6] c.e.D.controllers.MainController - Statistic page by amirbanor@gmail.com [MANAGER]
2023-06-11 16:50:38,050 INFO  [http-nio-8084-exec-1] c.e.D.controllers.MainController - Statistic page by amirbanor@gmail.com [MANAGER]
2023-06-11 16:56:21,746 INFO  [http-nio-8084-exec-1] c.e.D.controllers.MainController - Statistic page by amirbanor@gmail.com [MANAGER]
2023-06-11 17:03:12,699 INFO  [http-nio-8084-exec-1] c.e.D.controllers.MainController - Statistic page by amirbanor@gmail.com [MANAGER]
2023-06-11 17:03:21,173 INFO  [http-nio-8084-exec-4] c.e.D.controllers.MainController - Statistic page by admin@gmail.com [ADMIN]
2023-06-11 17:03:41,627 INFO  [http-nio-8084-exec-10] c.e.D.controllers.MainController - Statistic page by admin@gmail.com [ADMIN]
2023-06-11 17:03:42,521 INFO  [http-nio-8084-exec-5] c.e.D.c.EquipmentController - All equipments by admin@gmail.com [ADMIN]
2023-06-11 17:03:43,101 INFO  [http-nio-8084-exec-4] c.e.D.controllers.ObjectController - All objects by admin@gmail.com [ADMIN]
2023-06-11 17:03:43,452 INFO  [http-nio-8084-exec-10] c.e.D.c.MaterialsController - All materials by admin@gmail.com [ADMIN]
2023-06-11 17:03:43,761 INFO  [http-nio-8084-exec-6] c.e.D.controllers.MainController - Statistic page by admin@gmail.com [ADMIN]
2023-06-11 17:03:44,192 INFO  [http-nio-8084-exec-8] c.e.D.controllers.CrewController - All crews by admin@gmail.com [ADMIN]
2023-06-11 17:03:46,541 INFO  [http-nio-8084-exec-9] c.e.D.controllers.MainController - Statistic page by amirbanor@gmail.com [MANAGER]
2023-06-11 17:03:48,223 INFO  [http-nio-8084-exec-8] c.e.D.controllers.QueryController - Query3 by amirbanor@gmail.com [MANAGER]
2023-06-11 17:28:20,308 INFO  [http-nio-8084-exec-3] c.e.D.controllers.MainController - Statistic page by amirbanor@gmail.com [MANAGER]
2023-06-11 17:28:34,373 INFO  [http-nio-8084-exec-6] c.e.D.controllers.MainController - Statistic page by admin@gmail.com [ADMIN]
2023-06-11 17:28:59,963 INFO  [http-nio-8084-exec-8] c.e.D.controllers.MainController - Statistic page by amirbanor@gmail.com [MANAGER]
2023-06-12 19:11:19,363 INFO  [http-nio-8084-exec-5] c.e.D.controllers.MainController - Statistic page by amirbanor@gmail.com [MANAGER]
2023-06-12 19:11:22,813 INFO  [http-nio-8084-exec-9] c.e.D.controllers.QueryController - Query12 by amirbanor@gmail.com [MANAGER]
2023-06-12 19:11:41,671 INFO  [http-nio-8084-exec-4] c.e.D.controllers.QueryController - Query13 by amirbanor@gmail.com [MANAGER]
2023-06-12 19:15:30,055 INFO  [http-nio-8084-exec-8] c.e.D.controllers.QueryController - Query13 by amirbanor@gmail.com [MANAGER]
2023-06-12 19:15:32,168 INFO  [http-nio-8084-exec-8] c.e.D.controllers.QueryController - Query12 by amirbanor@gmail.com [MANAGER]
2023-06-12 19:16:27,846 INFO  [http-nio-8084-exec-5] c.e.D.controllers.ObjectController - All objects by amirbanor@gmail.com [MANAGER]
2023-06-12 19:16:33,254 INFO  [http-nio-8084-exec-1] c.e.D.controllers.ObjectController - Edit page object 2 by amirbanor@gmail.com [MANAGER]
2023-06-12 19:16:36,032 INFO  [http-nio-8084-exec-7] c.e.D.controllers.ObjectController - Add page equipment_object by amirbanor@gmail.com [MANAGER]
2023-06-12 19:16:37,937 INFO  [http-nio-8084-exec-3] c.e.D.controllers.ObjectController - Add equipment_object by amirbanor@gmail.com [MANAGER]
2023-06-12 19:16:37,950 INFO  [http-nio-8084-exec-8] c.e.D.controllers.ObjectController - Edit page object 2 by amirbanor@gmail.com [MANAGER]
2023-06-12 19:16:41,378 INFO  [http-nio-8084-exec-1] c.e.D.controllers.QueryController - Query12 by amirbanor@gmail.com [MANAGER]
2023-06-13 11:31:37,264 INFO  [http-nio-8084-exec-5] c.e.D.controllers.MainController - Statistic page by amirbanor@gmail.com [MANAGER]
2023-06-13 11:31:46,891 INFO  [http-nio-8084-exec-5] c.e.D.controllers.MainController - Statistic page by admin@gmail.com [ADMIN]
2023-06-13 11:32:02,661 INFO  [http-nio-8084-exec-3] c.e.D.controllers.MainController - Statistic page by amirbanor@gmail.com [MANAGER]
2023-06-13 11:32:12,064 INFO  [http-nio-8084-exec-5] c.e.D.controllers.QueryController - Query15 by amirbanor@gmail.com [MANAGER]
2023-06-13 11:32:14,996 INFO  [http-nio-8084-exec-9] c.e.D.controllers.QueryController - Query10 by amirbanor@gmail.com [MANAGER]
2023-06-13 11:36:32,314 INFO  [http-nio-8084-exec-9] c.e.D.c.MaterialsController - All materials by amirbanor@gmail.com [MANAGER]
2023-06-13 11:36:33,912 INFO  [http-nio-8084-exec-4] c.e.D.controllers.CrewController - All crews by amirbanor@gmail.com [MANAGER]
2023-06-13 11:37:14,844 INFO  [http-nio-8084-exec-6] c.e.D.controllers.CrewController - All crews by amirbanor@gmail.com [MANAGER]
2023-06-13 11:37:18,482 INFO  [http-nio-8084-exec-10] c.e.D.controllers.CrewController - Edit page crew 1 by amirbanor@gmail.com [MANAGER]
2023-06-13 11:37:20,826 INFO  [http-nio-8084-exec-6] c.e.D.controllers.CrewController - All crews by amirbanor@gmail.com [MANAGER]
2023-06-13 11:37:21,755 INFO  [http-nio-8084-exec-4] c.e.D.controllers.CrewController - Add crew by amirbanor@gmail.com [MANAGER]
2023-06-13 11:37:21,770 INFO  [http-nio-8084-exec-2] c.e.D.controllers.CrewController - All crews by amirbanor@gmail.com [MANAGER]
2023-06-13 11:37:23,057 INFO  [http-nio-8084-exec-5] c.e.D.controllers.CrewController - Edit page crew 7 by amirbanor@gmail.com [MANAGER]
2023-06-13 11:37:26,026 INFO  [http-nio-8084-exec-4] c.e.D.controllers.CrewController - All crews by amirbanor@gmail.com [MANAGER]
2023-06-13 11:37:27,231 INFO  [http-nio-8084-exec-7] c.e.D.c.MaterialsController - All materials by amirbanor@gmail.com [MANAGER]
2023-06-13 11:37:27,934 INFO  [http-nio-8084-exec-9] c.e.D.controllers.ObjectController - All objects by amirbanor@gmail.com [MANAGER]
2023-06-13 11:37:28,841 INFO  [http-nio-8084-exec-8] c.e.D.controllers.ObjectController - Add page object by amirbanor@gmail.com [MANAGER]
2023-06-13 11:37:28,862 INFO  [http-nio-8084-exec-5] c.e.D.controllers.ObjectController - All objects by amirbanor@gmail.com [MANAGER]
2023-06-13 11:37:30,062 INFO  [http-nio-8084-exec-6] c.e.D.controllers.ObjectController - Edit page object 5 by amirbanor@gmail.com [MANAGER]
2023-06-13 11:37:33,485 INFO  [http-nio-8084-exec-1] c.e.D.controllers.ObjectController - All objects by amirbanor@gmail.com [MANAGER]
2023-06-13 11:37:36,122 INFO  [http-nio-8084-exec-6] c.e.D.controllers.ObjectController - Edit page object 4 by amirbanor@gmail.com [MANAGER]
2023-06-13 11:37:46,404 INFO  [http-nio-8084-exec-7] c.e.D.controllers.CrewController - All crews by amirbanor@gmail.com [MANAGER]
2023-06-13 11:37:49,292 INFO  [http-nio-8084-exec-7] c.e.D.c.MaterialsController - All materials by amirbanor@gmail.com [MANAGER]
2023-06-13 11:37:50,957 INFO  [http-nio-8084-exec-4] c.e.D.controllers.ObjectController - All objects by amirbanor@gmail.com [MANAGER]
2023-06-13 11:37:52,313 INFO  [http-nio-8084-exec-3] c.e.D.controllers.ObjectController - Edit page object 4 by amirbanor@gmail.com [MANAGER]
2023-06-13 11:37:54,503 INFO  [http-nio-8084-exec-5] c.e.D.c.ObjectMaterialsController - Add page object_materials 4 by amirbanor@gmail.com [MANAGER]
2023-06-13 11:38:00,220 INFO  [http-nio-8084-exec-1] c.e.D.c.ObjectMaterialsController - Add object_materials 4 by amirbanor@gmail.com [MANAGER]
2023-06-13 11:38:00,238 INFO  [http-nio-8084-exec-8] c.e.D.controllers.ObjectController - Edit page object 4 by amirbanor@gmail.com [MANAGER]
2023-06-13 11:38:08,054 INFO  [http-nio-8084-exec-6] c.e.D.controllers.CrewController - All crews by amirbanor@gmail.com [MANAGER]
2023-06-13 11:38:09,888 INFO  [http-nio-8084-exec-6] c.e.D.controllers.MainController - Statistic page by amirbanor@gmail.com [MANAGER]
2023-06-13 11:40:09,605 INFO  [http-nio-8084-exec-1] c.e.D.controllers.MainController - Statistic page by amirbanor@gmail.com [MANAGER]
2023-06-13 11:40:12,514 INFO  [http-nio-8084-exec-10] c.e.D.c.EquipmentController - All equipments by amirbanor@gmail.com [MANAGER]
2023-06-13 11:40:14,856 INFO  [http-nio-8084-exec-7] c.e.D.controllers.ObjectController - All objects by amirbanor@gmail.com [MANAGER]
2023-06-13 11:40:16,062 INFO  [http-nio-8084-exec-7] c.e.D.controllers.ObjectController - Edit page object 5 by amirbanor@gmail.com [MANAGER]
2023-06-13 11:41:17,393 INFO  [http-nio-8084-exec-1] c.e.D.controllers.ObjectController - Edit page object 5 by amirbanor@gmail.com [MANAGER]
2023-06-13 11:41:18,085 INFO  [http-nio-8084-exec-4] c.e.D.c.EquipmentController - All equipments by amirbanor@gmail.com [MANAGER]
2023-06-13 11:41:19,798 INFO  [http-nio-8084-exec-10] c.e.D.c.EquipmentController - All equipments by amirbanor@gmail.com [MANAGER]
2023-06-13 11:41:20,346 INFO  [http-nio-8084-exec-7] c.e.D.controllers.ObjectController - All objects by amirbanor@gmail.com [MANAGER]
2023-06-13 11:41:56,939 INFO  [http-nio-8084-exec-1] c.e.D.controllers.ObjectController - Delete page object by amirbanor@gmail.com [MANAGER]
2023-06-13 11:41:56,985 INFO  [http-nio-8084-exec-2] c.e.D.controllers.ObjectController - All objects by amirbanor@gmail.com [MANAGER]
2023-06-13 11:42:03,265 INFO  [http-nio-8084-exec-9] c.e.D.controllers.ObjectController - All objects by amirbanor@gmail.com [MANAGER]
2023-06-13 11:44:54,869 INFO  [http-nio-8084-exec-1] c.e.D.controllers.ObjectController - All objects by amirbanor@gmail.com [MANAGER]
2023-06-13 11:44:56,819 INFO  [http-nio-8084-exec-10] c.e.D.controllers.ObjectController - Add page object by amirbanor@gmail.com [MANAGER]
2023-06-13 11:44:56,832 INFO  [http-nio-8084-exec-1] c.e.D.controllers.ObjectController - All objects by amirbanor@gmail.com [MANAGER]
2023-06-13 11:44:58,142 INFO  [http-nio-8084-exec-1] c.e.D.controllers.ObjectController - Edit page object 7 by amirbanor@gmail.com [MANAGER]
2023-06-13 11:46:38,039 INFO  [http-nio-8084-exec-1] c.e.D.controllers.ObjectController - Edit page object 7 by amirbanor@gmail.com [MANAGER]
2023-06-13 11:46:39,344 INFO  [http-nio-8084-exec-3] c.e.D.c.EquipmentController - All equipments by amirbanor@gmail.com [MANAGER]
2023-06-13 11:46:40,791 INFO  [http-nio-8084-exec-10] c.e.D.controllers.ObjectController - All objects by amirbanor@gmail.com [MANAGER]
2023-06-13 11:46:41,725 INFO  [http-nio-8084-exec-1] c.e.D.controllers.ObjectController - Add page object by amirbanor@gmail.com [MANAGER]
2023-06-13 11:46:41,736 INFO  [http-nio-8084-exec-10] c.e.D.controllers.ObjectController - All objects by amirbanor@gmail.com [MANAGER]
2023-06-13 11:46:42,679 INFO  [http-nio-8084-exec-1] c.e.D.controllers.ObjectController - Edit page object 8 by amirbanor@gmail.com [MANAGER]
2023-06-13 11:46:45,727 INFO  [http-nio-8084-exec-5] c.e.D.controllers.ObjectController - All objects by amirbanor@gmail.com [MANAGER]
2023-06-13 11:46:47,295 INFO  [http-nio-8084-exec-6] c.e.D.controllers.ObjectController - Delete page object by amirbanor@gmail.com [MANAGER]
2023-06-13 11:46:47,303 INFO  [http-nio-8084-exec-1] c.e.D.controllers.ObjectController - All objects by amirbanor@gmail.com [MANAGER]
2023-06-13 11:46:48,049 INFO  [http-nio-8084-exec-1] c.e.D.controllers.ObjectController - Delete page object by amirbanor@gmail.com [MANAGER]
2023-06-13 11:46:48,057 INFO  [http-nio-8084-exec-6] c.e.D.controllers.ObjectController - All objects by amirbanor@gmail.com [MANAGER]
2023-06-13 11:51:15,136 INFO  [http-nio-8084-exec-1] c.e.D.controllers.ObjectController - All objects by amirbanor@gmail.com [MANAGER]
2023-06-13 11:51:17,759 INFO  [http-nio-8084-exec-10] c.e.D.controllers.QueryController - Query10 by amirbanor@gmail.com [MANAGER]
2023-06-13 11:51:44,223 INFO  [http-nio-8084-exec-1] c.e.D.controllers.QueryController - Query10 by amirbanor@gmail.com [MANAGER]
2023-06-13 11:53:18,209 INFO  [http-nio-8084-exec-1] c.e.D.controllers.QueryController - Query10 by amirbanor@gmail.com [MANAGER]
2023-06-13 11:54:37,631 INFO  [http-nio-8084-exec-1] c.e.D.controllers.QueryController - Query10 by amirbanor@gmail.com [MANAGER]
2023-06-13 11:57:17,354 INFO  [http-nio-8084-exec-1] c.e.D.controllers.QueryController - Query10 by amirbanor@gmail.com [MANAGER]
2023-06-13 11:57:25,218 INFO  [http-nio-8084-exec-9] c.e.D.controllers.QueryController - Query9 by amirbanor@gmail.com [MANAGER]
2023-06-13 11:57:32,602 INFO  [http-nio-8084-exec-9] c.e.D.controllers.QueryController - Query13 by amirbanor@gmail.com [MANAGER]
2023-06-13 11:57:41,112 INFO  [http-nio-8084-exec-4] c.e.D.controllers.QueryController - Query13 by amirbanor@gmail.com [MANAGER]
2023-06-13 11:59:19,033 INFO  [http-nio-8084-exec-1] c.e.D.controllers.QueryController - Query13 by amirbanor@gmail.com [MANAGER]
2023-06-13 11:59:21,664 INFO  [http-nio-8084-exec-9] c.e.D.controllers.QueryController - Query13 by amirbanor@gmail.com [MANAGER]
2023-06-13 11:59:27,875 INFO  [http-nio-8084-exec-3] c.e.D.controllers.QueryController - Query14 by amirbanor@gmail.com [MANAGER]
2023-06-13 11:59:41,005 INFO  [http-nio-8084-exec-9] c.e.D.controllers.QueryController - Query14 by amirbanor@gmail.com [MANAGER]
2023-06-13 11:59:44,283 INFO  [http-nio-8084-exec-5] c.e.D.controllers.QueryController - Query14 by amirbanor@gmail.com [MANAGER]
2023-06-13 12:00:00,139 INFO  [http-nio-8084-exec-7] c.e.D.controllers.QueryController - Query14 by amirbanor@gmail.com [MANAGER]
2023-06-13 12:00:00,802 INFO  [http-nio-8084-exec-8] c.e.D.controllers.QueryController - Query14 by amirbanor@gmail.com [MANAGER]
2023-06-13 12:00:03,375 INFO  [http-nio-8084-exec-10] c.e.D.controllers.QueryController - Query14 by amirbanor@gmail.com [MANAGER]
2023-06-13 12:00:06,723 INFO  [http-nio-8084-exec-9] c.e.D.controllers.QueryController - Query14 by amirbanor@gmail.com [MANAGER]
2023-06-13 12:00:11,371 INFO  [http-nio-8084-exec-5] c.e.D.controllers.QueryController - Query14 by amirbanor@gmail.com [MANAGER]
2023-06-13 12:00:13,595 INFO  [http-nio-8084-exec-7] c.e.D.controllers.QueryController - Query14 by amirbanor@gmail.com [MANAGER]
2023-06-13 12:01:04,544 INFO  [http-nio-8084-exec-4] c.e.D.controllers.QueryController - Query14 by amirbanor@gmail.com [MANAGER]
2023-06-13 12:01:09,376 INFO  [http-nio-8084-exec-1] c.e.D.controllers.QueryController - Query14 by amirbanor@gmail.com [MANAGER]
2023-06-13 12:01:11,095 INFO  [http-nio-8084-exec-2] c.e.D.controllers.QueryController - Query14 by amirbanor@gmail.com [MANAGER]
2023-06-13 12:01:23,160 INFO  [http-nio-8084-exec-10] c.e.D.controllers.ObjectController - All objects by amirbanor@gmail.com [MANAGER]
2023-06-13 12:01:24,919 INFO  [http-nio-8084-exec-5] c.e.D.controllers.ObjectController - Edit page object 1 by amirbanor@gmail.com [MANAGER]
2023-06-13 12:01:27,588 INFO  [http-nio-8084-exec-7] c.e.D.c.ObjectMaterialsController - Edit page object_materials 4 by amirbanor@gmail.com [MANAGER]
2023-06-13 12:01:27,608 INFO  [http-nio-8084-exec-2] c.e.D.c.ObjectMaterialsController - Edit page object_materials 4 by amirbanor@gmail.com [MANAGER]
2023-06-13 12:01:30,568 INFO  [http-nio-8084-exec-9] c.e.D.c.ObjectMaterialsController - Edit object_materials 4 by amirbanor@gmail.com [MANAGER]
2023-06-13 12:01:30,584 INFO  [http-nio-8084-exec-6] c.e.D.controllers.ObjectController - Edit page object 1 by amirbanor@gmail.com [MANAGER]
2023-06-13 12:01:35,274 INFO  [http-nio-8084-exec-2] c.e.D.controllers.QueryController - Query14 by amirbanor@gmail.com [MANAGER]
2023-06-13 12:01:38,976 INFO  [http-nio-8084-exec-5] c.e.D.controllers.QueryController - Query14 by amirbanor@gmail.com [MANAGER]
2023-06-13 12:01:47,899 INFO  [http-nio-8084-exec-4] c.e.D.controllers.QueryController - Query17 by amirbanor@gmail.com [MANAGER]
2023-06-13 12:01:52,620 INFO  [http-nio-8084-exec-9] c.e.D.controllers.QueryController - Query17 by amirbanor@gmail.com [MANAGER]
2023-06-13 12:01:53,699 INFO  [http-nio-8084-exec-1] c.e.D.controllers.QueryController - Query17 by amirbanor@gmail.com [MANAGER]
2023-06-13 12:01:55,799 INFO  [http-nio-8084-exec-10] c.e.D.controllers.QueryController - Query17 by amirbanor@gmail.com [MANAGER]
2023-06-13 12:02:29,819 INFO  [http-nio-8084-exec-1] c.e.D.controllers.QueryController - Query17 by amirbanor@gmail.com [MANAGER]
2023-06-13 12:02:31,609 INFO  [http-nio-8084-exec-6] c.e.D.controllers.QueryController - Query17 by amirbanor@gmail.com [MANAGER]
2023-06-13 12:02:38,270 INFO  [http-nio-8084-exec-2] c.e.D.controllers.QueryController - Query18 by amirbanor@gmail.com [MANAGER]
2023-06-13 12:02:39,732 INFO  [http-nio-8084-exec-6] c.e.D.controllers.QueryController - Query18 by amirbanor@gmail.com [MANAGER]
2023-06-13 12:03:03,770 INFO  [http-nio-8084-exec-1] c.e.D.controllers.QueryController - Query18 by amirbanor@gmail.com [MANAGER]
2023-06-13 12:03:06,498 INFO  [http-nio-8084-exec-3] c.e.D.controllers.QueryController - Query18 by amirbanor@gmail.com [MANAGER]
2023-06-13 12:03:08,658 INFO  [http-nio-8084-exec-9] c.e.D.controllers.QueryController - Query18 by amirbanor@gmail.com [MANAGER]
2023-06-14 09:33:42,488 INFO  [http-nio-8084-exec-5] c.e.D.controllers.MainController - Statistic page by amirbanor@gmail.com [MANAGER]
2023-06-14 09:33:44,878 INFO  [http-nio-8084-exec-4] c.e.D.controllers.MainController - Statistic page by amirbanor@gmail.com [MANAGER]
2023-06-14 09:33:48,686 INFO  [http-nio-8084-exec-10] c.e.D.controllers.MainController - Statistic page by amirbanor@gmail.com [MANAGER]
2023-06-14 09:33:49,531 INFO  [http-nio-8084-exec-9] c.e.D.controllers.CrewController - All crews by amirbanor@gmail.com [MANAGER]
2023-06-14 09:33:56,024 INFO  [http-nio-8084-exec-9] c.e.D.controllers.CrewController - Add crew by amirbanor@gmail.com [MANAGER]
2023-06-14 09:33:56,034 INFO  [http-nio-8084-exec-2] c.e.D.controllers.CrewController - All crews by amirbanor@gmail.com [MANAGER]
2023-06-14 09:33:57,983 INFO  [http-nio-8084-exec-6] c.e.D.controllers.CrewController - Edit page crew 8 by amirbanor@gmail.com [MANAGER]
2023-06-14 09:34:04,000 INFO  [http-nio-8084-exec-7] c.e.D.c.CrewMemberController - Add page crew member to crew 8 by amirbanor@gmail.com [MANAGER]
2023-06-14 09:34:22,516 INFO  [http-nio-8084-exec-8] c.e.D.c.CrewMemberController - Add crew member to crew 8 by amirbanor@gmail.com [MANAGER]
2023-06-14 09:34:22,523 INFO  [http-nio-8084-exec-2] c.e.D.controllers.CrewController - Edit page crew 8 by amirbanor@gmail.com [MANAGER]
2023-06-14 09:34:25,973 INFO  [http-nio-8084-exec-3] c.e.D.controllers.CrewController - Edit query crew 8 by amirbanor@gmail.com [MANAGER]
2023-06-14 09:34:25,980 INFO  [http-nio-8084-exec-7] c.e.D.controllers.CrewController - All crews by amirbanor@gmail.com [MANAGER]
2023-06-14 09:34:28,857 INFO  [http-nio-8084-exec-7] c.e.D.controllers.CrewController - Edit page crew 8 by amirbanor@gmail.com [MANAGER]
2023-06-14 09:34:31,054 INFO  [http-nio-8084-exec-5] c.e.D.controllers.CrewController - Edit query crew 8 by amirbanor@gmail.com [MANAGER]
2023-06-14 09:34:31,060 INFO  [http-nio-8084-exec-4] c.e.D.controllers.CrewController - All crews by amirbanor@gmail.com [MANAGER]
2023-06-14 09:34:32,849 INFO  [http-nio-8084-exec-5] c.e.D.controllers.CrewController - Edit page crew 8 by amirbanor@gmail.com [MANAGER]
2023-06-14 09:34:33,828 INFO  [http-nio-8084-exec-1] c.e.D.c.CrewMemberController - Delete crew member 8 by amirbanor@gmail.com [MANAGER]
2023-06-14 09:34:33,834 INFO  [http-nio-8084-exec-5] c.e.D.controllers.CrewController - Edit page crew 8 by amirbanor@gmail.com [MANAGER]
2023-06-14 09:34:34,864 INFO  [http-nio-8084-exec-1] c.e.D.controllers.CrewController - Edit query crew 8 by amirbanor@gmail.com [MANAGER]
2023-06-14 09:34:34,870 INFO  [http-nio-8084-exec-5] c.e.D.controllers.CrewController - All crews by amirbanor@gmail.com [MANAGER]
2023-06-14 09:34:36,572 INFO  [http-nio-8084-exec-5] c.e.D.controllers.CrewController - Delete crew 8 by amirbanor@gmail.com [MANAGER]
2023-06-14 09:34:36,578 INFO  [http-nio-8084-exec-1] c.e.D.controllers.CrewController - All crews by amirbanor@gmail.com [MANAGER]
2023-06-14 09:34:41,103 INFO  [http-nio-8084-exec-1] c.e.D.controllers.CrewController - All crews by amirbanor@gmail.com [MANAGER]
2023-06-14 09:34:41,528 INFO  [http-nio-8084-exec-6] c.e.D.c.MaterialsController - All materials by amirbanor@gmail.com [MANAGER]
2023-06-14 09:34:44,123 INFO  [http-nio-8084-exec-4] c.e.D.c.MaterialsController - Edit page materials 1 by amirbanor@gmail.com [MANAGER]
2023-06-14 09:34:50,547 INFO  [http-nio-8084-exec-4] c.e.D.c.MaterialsController - Edit materials 1 by amirbanor@gmail.com [MANAGER]
2023-06-14 09:34:50,552 INFO  [http-nio-8084-exec-8] c.e.D.c.MaterialsController - All materials by amirbanor@gmail.com [MANAGER]
2023-06-14 09:34:52,244 INFO  [http-nio-8084-exec-1] c.e.D.c.MaterialsController - Edit page materials 2 by amirbanor@gmail.com [MANAGER]
2023-06-14 09:35:03,053 INFO  [http-nio-8084-exec-3] c.e.D.c.MaterialsController - Edit materials 2 by amirbanor@gmail.com [MANAGER]
2023-06-14 09:35:03,059 INFO  [http-nio-8084-exec-10] c.e.D.c.MaterialsController - All materials by amirbanor@gmail.com [MANAGER]
2023-06-14 09:35:05,388 INFO  [http-nio-8084-exec-3] c.e.D.c.MaterialsController - Edit page materials 4 by amirbanor@gmail.com [MANAGER]
2023-06-14 09:35:38,399 INFO  [http-nio-8084-exec-7] c.e.D.c.MaterialsController - Edit materials 4 by amirbanor@gmail.com [MANAGER]
2023-06-14 09:35:38,406 INFO  [http-nio-8084-exec-10] c.e.D.c.MaterialsController - All materials by amirbanor@gmail.com [MANAGER]
2023-06-14 09:35:47,785 INFO  [http-nio-8084-exec-1] c.e.D.controllers.ObjectController - All objects by amirbanor@gmail.com [MANAGER]
2023-06-14 09:35:49,637 INFO  [http-nio-8084-exec-9] c.e.D.controllers.ObjectController - Edit page object 1 by amirbanor@gmail.com [MANAGER]
2023-06-14 09:35:59,247 INFO  [http-nio-8084-exec-8] c.e.D.c.MaterialsController - All materials by amirbanor@gmail.com [MANAGER]
2023-06-14 09:36:02,759 INFO  [http-nio-8084-exec-2] c.e.D.c.MaterialsController - Edit page materials 2 by amirbanor@gmail.com [MANAGER]
2023-06-14 09:36:04,473 INFO  [http-nio-8084-exec-10] c.e.D.c.MaterialsController - Edit materials 2 by amirbanor@gmail.com [MANAGER]
2023-06-14 09:36:04,479 INFO  [http-nio-8084-exec-9] c.e.D.c.MaterialsController - All materials by amirbanor@gmail.com [MANAGER]
2023-06-14 09:36:09,544 INFO  [http-nio-8084-exec-5] c.e.D.c.MaterialsController - Edit page materials 4 by amirbanor@gmail.com [MANAGER]
2023-06-14 09:36:14,439 INFO  [http-nio-8084-exec-10] c.e.D.c.MaterialsController - Edit materials 4 by amirbanor@gmail.com [MANAGER]
2023-06-14 09:36:14,445 INFO  [http-nio-8084-exec-1] c.e.D.c.MaterialsController - All materials by amirbanor@gmail.com [MANAGER]
2023-06-14 09:36:16,440 INFO  [http-nio-8084-exec-4] c.e.D.c.MaterialsController - Edit page materials 1 by amirbanor@gmail.com [MANAGER]
2023-06-14 09:36:21,560 INFO  [http-nio-8084-exec-8] c.e.D.c.MaterialsController - Edit materials 1 by amirbanor@gmail.com [MANAGER]
2023-06-14 09:36:21,565 INFO  [http-nio-8084-exec-4] c.e.D.c.MaterialsController - All materials by amirbanor@gmail.com [MANAGER]
2023-06-14 09:36:22,915 INFO  [http-nio-8084-exec-5] c.e.D.c.EquipmentController - All equipments by amirbanor@gmail.com [MANAGER]
2023-06-14 09:36:23,824 INFO  [http-nio-8084-exec-6] c.e.D.controllers.ObjectController - All objects by amirbanor@gmail.com [MANAGER]
2023-06-14 09:36:24,453 INFO  [http-nio-8084-exec-5] c.e.D.c.EquipmentController - All equipments by amirbanor@gmail.com [MANAGER]
2023-06-14 09:36:26,087 INFO  [http-nio-8084-exec-4] c.e.D.c.MaterialsController - All materials by amirbanor@gmail.com [MANAGER]
2023-06-14 09:36:27,002 INFO  [http-nio-8084-exec-3] c.e.D.c.MaterialsController - Add page materials by amirbanor@gmail.com [MANAGER]
2023-06-14 09:36:32,840 INFO  [http-nio-8084-exec-6] c.e.D.c.MaterialsController - Add page materials by amirbanor@gmail.com [MANAGER]
2023-06-14 09:36:35,079 INFO  [http-nio-8084-exec-2] c.e.D.c.MaterialsController - Add materials by amirbanor@gmail.com [MANAGER]
2023-06-14 09:36:35,085 INFO  [http-nio-8084-exec-9] c.e.D.c.MaterialsController - All materials by amirbanor@gmail.com [MANAGER]
2023-06-14 09:36:36,716 INFO  [http-nio-8084-exec-2] c.e.D.c.MaterialsController - Delete materials by amirbanor@gmail.com [MANAGER]
2023-06-14 09:36:36,722 INFO  [http-nio-8084-exec-10] c.e.D.c.MaterialsController - All materials by amirbanor@gmail.com [MANAGER]
2023-06-14 09:36:39,167 INFO  [http-nio-8084-exec-9] c.e.D.c.EquipmentController - All equipments by amirbanor@gmail.com [MANAGER]
2023-06-14 09:36:41,223 INFO  [http-nio-8084-exec-8] c.e.D.c.EquipmentController - Add page equipment by amirbanor@gmail.com [MANAGER]
2023-06-14 09:36:44,030 INFO  [http-nio-8084-exec-5] c.e.D.c.EquipmentController - Add equipment by amirbanor@gmail.com [MANAGER]
2023-06-14 09:36:44,036 INFO  [http-nio-8084-exec-10] c.e.D.c.EquipmentController - All equipments by amirbanor@gmail.com [MANAGER]
2023-06-14 09:36:47,475 INFO  [http-nio-8084-exec-5] c.e.D.c.EquipmentController - All equipments by amirbanor@gmail.com [MANAGER]
2023-06-14 09:37:12,927 INFO  [http-nio-8084-exec-1] c.e.D.c.EquipmentController - All equipments by amirbanor@gmail.com [MANAGER]
2023-06-14 09:37:14,397 INFO  [http-nio-8084-exec-10] c.e.D.c.EquipmentController - All equipments by amirbanor@gmail.com [MANAGER]
2023-06-14 09:37:17,767 INFO  [http-nio-8084-exec-3] c.e.D.controllers.ObjectController - All objects by amirbanor@gmail.com [MANAGER]
2023-06-14 09:37:19,750 INFO  [http-nio-8084-exec-3] c.e.D.controllers.ObjectController - Add page object by amirbanor@gmail.com [MANAGER]
2023-06-14 09:37:19,759 INFO  [http-nio-8084-exec-8] c.e.D.controllers.ObjectController - All objects by amirbanor@gmail.com [MANAGER]
2023-06-14 09:37:21,302 INFO  [http-nio-8084-exec-8] c.e.D.controllers.ObjectController - Edit page object 9 by amirbanor@gmail.com [MANAGER]
2023-06-14 09:37:27,789 INFO  [http-nio-8084-exec-8] c.e.D.c.ObjectMaterialsController - Add page object_materials 9 by amirbanor@gmail.com [MANAGER]
2023-06-14 09:37:31,636 INFO  [http-nio-8084-exec-3] c.e.D.c.ObjectMaterialsController - Add object_materials 9 by amirbanor@gmail.com [MANAGER]
2023-06-14 09:37:31,648 INFO  [http-nio-8084-exec-8] c.e.D.controllers.ObjectController - Edit page object 9 by amirbanor@gmail.com [MANAGER]
2023-06-14 09:37:40,445 INFO  [http-nio-8084-exec-8] c.e.D.controllers.ObjectController - Add page equipment_object by amirbanor@gmail.com [MANAGER]
2023-06-14 09:37:42,071 INFO  [http-nio-8084-exec-3] c.e.D.controllers.ObjectController - Add equipment_object by amirbanor@gmail.com [MANAGER]
2023-06-14 09:37:42,082 INFO  [http-nio-8084-exec-2] c.e.D.controllers.ObjectController - Edit page object 9 by amirbanor@gmail.com [MANAGER]
2023-06-14 09:37:43,933 INFO  [http-nio-8084-exec-4] c.e.D.controllers.ObjectController - Add page equipment_object by amirbanor@gmail.com [MANAGER]
2023-06-14 09:37:45,829 INFO  [http-nio-8084-exec-2] c.e.D.controllers.ObjectController - Add equipment_object by amirbanor@gmail.com [MANAGER]
2023-06-14 09:37:45,839 INFO  [http-nio-8084-exec-9] c.e.D.controllers.ObjectController - Edit page object 9 by amirbanor@gmail.com [MANAGER]
2023-06-14 09:37:57,066 INFO  [http-nio-8084-exec-2] c.e.D.controllers.ObjectController - Edit object 9 by amirbanor@gmail.com [MANAGER]
2023-06-14 09:37:57,073 INFO  [http-nio-8084-exec-9] c.e.D.controllers.ObjectController - All objects by amirbanor@gmail.com [MANAGER]
2023-06-14 09:38:23,817 INFO  [http-nio-8084-exec-2] c.e.D.controllers.ObjectController - All objects by amirbanor@gmail.com [MANAGER]
2023-06-14 09:43:10,839 INFO  [http-nio-8084-exec-1] c.e.D.controllers.ObjectController - All objects by amirbanor@gmail.com [MANAGER]
2023-06-14 09:43:12,897 INFO  [http-nio-8084-exec-3] c.e.D.controllers.ObjectController - Delete page object by amirbanor@gmail.com [MANAGER]
2023-06-14 09:43:12,909 INFO  [http-nio-8084-exec-10] c.e.D.controllers.ObjectController - All objects by amirbanor@gmail.com [MANAGER]
2023-06-14 09:43:24,287 INFO  [http-nio-8084-exec-3] c.e.D.controllers.ObjectController - Add page object by amirbanor@gmail.com [MANAGER]
2023-06-14 09:43:24,296 INFO  [http-nio-8084-exec-10] c.e.D.controllers.ObjectController - All objects by amirbanor@gmail.com [MANAGER]
2023-06-14 09:43:25,380 INFO  [http-nio-8084-exec-10] c.e.D.controllers.ObjectController - Edit page object 10 by amirbanor@gmail.com [MANAGER]
2023-06-14 09:43:27,257 INFO  [http-nio-8084-exec-7] c.e.D.c.ObjectMaterialsController - Add page object_materials 10 by amirbanor@gmail.com [MANAGER]
2023-06-14 09:43:29,715 INFO  [http-nio-8084-exec-4] c.e.D.c.ObjectMaterialsController - Add object_materials 10 by amirbanor@gmail.com [MANAGER]
2023-06-14 09:43:29,726 INFO  [http-nio-8084-exec-7] c.e.D.controllers.ObjectController - Edit page object 10 by amirbanor@gmail.com [MANAGER]
2023-06-14 09:43:31,154 INFO  [http-nio-8084-exec-3] c.e.D.controllers.ObjectController - Add page equipment_object by amirbanor@gmail.com [MANAGER]
2023-06-14 09:43:32,029 INFO  [http-nio-8084-exec-8] c.e.D.controllers.ObjectController - Add equipment_object by amirbanor@gmail.com [MANAGER]
2023-06-14 09:43:32,039 INFO  [http-nio-8084-exec-10] c.e.D.controllers.ObjectController - Edit page object 10 by amirbanor@gmail.com [MANAGER]
2023-06-14 09:43:34,581 INFO  [http-nio-8084-exec-8] c.e.D.controllers.ObjectController - Edit object 10 by amirbanor@gmail.com [MANAGER]
2023-06-14 09:43:34,589 INFO  [http-nio-8084-exec-9] c.e.D.controllers.ObjectController - All objects by amirbanor@gmail.com [MANAGER]
2023-06-14 09:43:36,081 INFO  [http-nio-8084-exec-5] c.e.D.controllers.ObjectController - Delete page object by amirbanor@gmail.com [MANAGER]
2023-06-14 09:43:36,088 INFO  [http-nio-8084-exec-2] c.e.D.controllers.ObjectController - All objects by amirbanor@gmail.com [MANAGER]
2023-06-14 09:44:27,746 INFO  [http-nio-8084-exec-1] c.e.D.controllers.ObjectController - All objects by amirbanor@gmail.com [MANAGER]
2023-06-14 09:44:28,550 INFO  [http-nio-8084-exec-10] c.e.D.c.MaterialsController - All materials by amirbanor@gmail.com [MANAGER]
2023-06-14 09:44:32,122 INFO  [http-nio-8084-exec-2] c.e.D.c.MaterialsController - Edit page materials 1 by amirbanor@gmail.com [MANAGER]
2023-06-14 09:44:39,579 INFO  [http-nio-8084-exec-6] c.e.D.c.MaterialsController - Edit materials 1 by amirbanor@gmail.com [MANAGER]
2023-06-14 09:44:39,589 INFO  [http-nio-8084-exec-1] c.e.D.c.MaterialsController - All materials by amirbanor@gmail.com [MANAGER]
2023-06-14 09:44:41,318 INFO  [http-nio-8084-exec-9] c.e.D.c.MaterialsController - Edit page materials 2 by amirbanor@gmail.com [MANAGER]
2023-06-14 09:44:48,116 INFO  [http-nio-8084-exec-10] c.e.D.c.MaterialsController - Edit materials 2 by amirbanor@gmail.com [MANAGER]
2023-06-14 09:44:48,122 INFO  [http-nio-8084-exec-5] c.e.D.c.MaterialsController - All materials by amirbanor@gmail.com [MANAGER]
2023-06-14 09:44:49,511 INFO  [http-nio-8084-exec-7] c.e.D.c.MaterialsController - Edit page materials 4 by amirbanor@gmail.com [MANAGER]
2023-06-14 09:44:55,156 INFO  [http-nio-8084-exec-9] c.e.D.c.MaterialsController - Edit materials 4 by amirbanor@gmail.com [MANAGER]
2023-06-14 09:44:55,163 INFO  [http-nio-8084-exec-10] c.e.D.c.MaterialsController - All materials by amirbanor@gmail.com [MANAGER]
2023-06-14 09:44:58,878 INFO  [http-nio-8084-exec-8] c.e.D.controllers.ObjectController - All objects by amirbanor@gmail.com [MANAGER]
2023-06-14 09:45:00,043 INFO  [http-nio-8084-exec-1] c.e.D.controllers.ObjectController - Edit page object 4 by amirbanor@gmail.com [MANAGER]
2023-06-14 09:45:01,824 INFO  [http-nio-8084-exec-4] c.e.D.c.ObjectMaterialsController - Add page object_materials 4 by amirbanor@gmail.com [MANAGER]
2023-06-14 09:45:04,472 INFO  [http-nio-8084-exec-10] c.e.D.c.ObjectMaterialsController - Add object_materials 4 by amirbanor@gmail.com [MANAGER]
2023-06-14 09:45:04,484 INFO  [http-nio-8084-exec-6] c.e.D.controllers.ObjectController - Edit page object 4 by amirbanor@gmail.com [MANAGER]
2023-06-14 09:45:07,737 INFO  [http-nio-8084-exec-6] c.e.D.c.ObjectMaterialsController - Add page object_materials 4 by amirbanor@gmail.com [MANAGER]
2023-06-14 09:45:10,161 INFO  [http-nio-8084-exec-6] c.e.D.c.ObjectMaterialsController - Add object_materials 4 by amirbanor@gmail.com [MANAGER]
2023-06-14 09:45:10,171 INFO  [http-nio-8084-exec-5] c.e.D.controllers.ObjectController - Edit page object 4 by amirbanor@gmail.com [MANAGER]
2023-06-14 09:45:11,323 INFO  [http-nio-8084-exec-6] c.e.D.c.ObjectMaterialsController - Edit page object_materials 9 by amirbanor@gmail.com [MANAGER]
2023-06-14 09:45:11,342 INFO  [http-nio-8084-exec-5] c.e.D.c.ObjectMaterialsController - Edit page object_materials 9 by amirbanor@gmail.com [MANAGER]
2023-06-14 09:45:14,860 INFO  [http-nio-8084-exec-2] c.e.D.c.ObjectMaterialsController - Edit object_materials 9 by amirbanor@gmail.com [MANAGER]
2023-06-14 09:45:14,871 INFO  [http-nio-8084-exec-3] c.e.D.controllers.ObjectController - Edit page object 4 by amirbanor@gmail.com [MANAGER]
2023-06-14 09:45:16,432 INFO  [http-nio-8084-exec-3] c.e.D.c.ObjectMaterialsController - Delete object_materials 9 by amirbanor@gmail.com [MANAGER]
2023-06-14 09:45:16,442 INFO  [http-nio-8084-exec-2] c.e.D.controllers.ObjectController - Edit page object 4 by amirbanor@gmail.com [MANAGER]
2023-06-14 09:45:17,222 INFO  [http-nio-8084-exec-3] c.e.D.c.ObjectMaterialsController - Delete object_materials 8 by amirbanor@gmail.com [MANAGER]
2023-06-14 09:45:17,231 INFO  [http-nio-8084-exec-2] c.e.D.controllers.ObjectController - Edit page object 4 by amirbanor@gmail.com [MANAGER]
2023-06-14 09:45:18,313 INFO  [http-nio-8084-exec-3] c.e.D.c.MaterialsController - All materials by amirbanor@gmail.com [MANAGER]
2023-06-14 09:45:19,606 INFO  [http-nio-8084-exec-4] c.e.D.controllers.ObjectController - All objects by amirbanor@gmail.com [MANAGER]
2023-06-14 09:45:20,450 INFO  [http-nio-8084-exec-7] c.e.D.c.EquipmentController - All equipments by amirbanor@gmail.com [MANAGER]
2023-06-14 09:45:22,304 INFO  [http-nio-8084-exec-6] c.e.D.controllers.ObjectController - All objects by amirbanor@gmail.com [MANAGER]
2023-06-14 09:45:23,144 INFO  [http-nio-8084-exec-4] c.e.D.c.MaterialsController - All materials by amirbanor@gmail.com [MANAGER]
2023-06-14 09:45:24,111 INFO  [http-nio-8084-exec-3] c.e.D.controllers.ObjectController - All objects by amirbanor@gmail.com [MANAGER]
2023-06-14 09:45:25,318 INFO  [http-nio-8084-exec-10] c.e.D.c.EquipmentController - All equipments by amirbanor@gmail.com [MANAGER]
2023-06-14 09:45:30,327 INFO  [http-nio-8084-exec-7] c.e.D.controllers.ObjectController - All objects by amirbanor@gmail.com [MANAGER]
2023-06-14 09:45:32,183 INFO  [http-nio-8084-exec-2] c.e.D.c.MaterialsController - All materials by amirbanor@gmail.com [MANAGER]
2023-06-14 09:46:20,101 INFO  [http-nio-8084-exec-1] c.e.D.c.MaterialsController - All materials by amirbanor@gmail.com [MANAGER]
2023-06-14 09:46:20,955 INFO  [http-nio-8084-exec-10] c.e.D.controllers.MainController - Statistic page by amirbanor@gmail.com [MANAGER]
2023-06-14 09:46:23,062 INFO  [http-nio-8084-exec-10] c.e.D.controllers.CrewController - All crews by amirbanor@gmail.com [MANAGER]
2023-06-14 09:46:26,102 INFO  [http-nio-8084-exec-9] c.e.D.controllers.MainController - Statistic page by amirbanor@gmail.com [MANAGER]
2023-06-14 09:46:28,096 INFO  [http-nio-8084-exec-3] c.e.D.controllers.CrewController - All crews by amirbanor@gmail.com [MANAGER]
2023-06-14 09:46:28,980 INFO  [http-nio-8084-exec-10] c.e.D.c.MaterialsController - All materials by amirbanor@gmail.com [MANAGER]
2023-06-14 09:46:32,430 INFO  [http-nio-8084-exec-1] c.e.D.c.MaterialsController - All materials by amirbanor@gmail.com [MANAGER]
2023-06-14 09:46:33,118 INFO  [http-nio-8084-exec-2] c.e.D.controllers.ObjectController - All objects by amirbanor@gmail.com [MANAGER]
2023-06-14 09:46:35,521 INFO  [http-nio-8084-exec-5] c.e.D.controllers.ObjectController - Add page object by amirbanor@gmail.com [MANAGER]
2023-06-14 09:46:35,532 INFO  [http-nio-8084-exec-8] c.e.D.controllers.ObjectController - All objects by amirbanor@gmail.com [MANAGER]
2023-06-14 09:46:37,348 INFO  [http-nio-8084-exec-5] c.e.D.controllers.ObjectController - Edit page object 11 by amirbanor@gmail.com [MANAGER]
2023-06-14 09:46:38,997 INFO  [http-nio-8084-exec-5] c.e.D.c.ObjectMaterialsController - Add page object_materials 11 by amirbanor@gmail.com [MANAGER]
2023-06-14 09:46:43,682 INFO  [http-nio-8084-exec-2] c.e.D.c.ObjectMaterialsController - Add page object_materials 11 by amirbanor@gmail.com [MANAGER]
2023-06-14 09:46:44,971 INFO  [http-nio-8084-exec-5] c.e.D.controllers.ObjectController - Edit page object 11 by amirbanor@gmail.com [MANAGER]
2023-06-14 09:46:46,535 INFO  [http-nio-8084-exec-2] c.e.D.c.EquipmentController - All equipments by amirbanor@gmail.com [MANAGER]
2023-06-14 09:46:47,734 INFO  [http-nio-8084-exec-8] c.e.D.c.MaterialsController - All materials by amirbanor@gmail.com [MANAGER]
2023-06-14 09:46:49,286 INFO  [http-nio-8084-exec-9] c.e.D.controllers.QueryController - Query1 by amirbanor@gmail.com [MANAGER]
2023-06-14 09:46:52,615 INFO  [http-nio-8084-exec-7] c.e.D.controllers.QueryController - Query1 by amirbanor@gmail.com [MANAGER]
2023-06-14 09:46:56,376 INFO  [http-nio-8084-exec-1] c.e.D.controllers.QueryController - Query2 by amirbanor@gmail.com [MANAGER]
2023-06-14 09:46:58,306 INFO  [http-nio-8084-exec-7] c.e.D.controllers.QueryController - Query2 by amirbanor@gmail.com [MANAGER]
2023-06-14 09:47:03,236 INFO  [http-nio-8084-exec-6] c.e.D.controllers.QueryController - Query2 by amirbanor@gmail.com [MANAGER]
2023-06-14 10:01:35,949 INFO  [http-nio-8084-exec-3] c.e.D.controllers.MainController - Statistic page by amirbanor@gmail.com [MANAGER]
2023-06-14 10:01:43,004 INFO  [http-nio-8084-exec-2] c.e.D.controllers.MainController - Statistic page by amirbanor@gmail.com [MANAGER]
2023-06-14 10:01:52,000 INFO  [http-nio-8084-exec-7] c.e.D.controllers.MainController - Statistic page by admin@gmail.com [ADMIN]
2023-06-14 10:01:55,365 INFO  [http-nio-8084-exec-9] c.e.D.controllers.CrewController - All crews by admin@gmail.com [ADMIN]
2023-06-14 10:01:56,953 INFO  [http-nio-8084-exec-9] c.e.D.controllers.MainController - Statistic page by admin@gmail.com [ADMIN]
2023-06-14 10:02:13,833 INFO  [http-nio-8084-exec-8] c.e.D.controllers.MainController - Statistic page by admin@gmail.com [ADMIN]
2023-06-14 10:02:24,112 INFO  [http-nio-8084-exec-3] c.e.D.controllers.CrewController - All crews by amirbanor@gmail.com [MANAGER]
2023-06-14 10:02:28,256 INFO  [http-nio-8084-exec-8] c.e.D.controllers.MainController - Statistic page by amirbanor@gmail.com [MANAGER]
2023-06-14 10:02:29,552 INFO  [http-nio-8084-exec-9] c.e.D.controllers.CrewController - All crews by amirbanor@gmail.com [MANAGER]
2023-06-14 10:02:31,108 INFO  [http-nio-8084-exec-3] c.e.D.controllers.CrewController - Edit page crew 1 by amirbanor@gmail.com [MANAGER]
2023-06-14 10:02:42,003 INFO  [http-nio-8084-exec-8] c.e.D.controllers.CrewController - Edit query crew 1 by amirbanor@gmail.com [MANAGER]
2023-06-14 10:02:42,019 INFO  [http-nio-8084-exec-10] c.e.D.controllers.CrewController - All crews by amirbanor@gmail.com [MANAGER]
2023-06-14 10:02:44,908 INFO  [http-nio-8084-exec-8] c.e.D.controllers.CrewController - Edit page crew 1 by amirbanor@gmail.com [MANAGER]
2023-06-14 10:02:45,926 INFO  [http-nio-8084-exec-4] c.e.D.c.CrewMemberController - Add page crew member to crew 1 by amirbanor@gmail.com [MANAGER]
2023-06-14 10:02:49,305 INFO  [http-nio-8084-exec-10] c.e.D.c.CrewMemberController - Add crew member to crew 1 by amirbanor@gmail.com [MANAGER]
2023-06-14 10:02:49,315 INFO  [http-nio-8084-exec-5] c.e.D.controllers.CrewController - Edit page crew 1 by amirbanor@gmail.com [MANAGER]
2023-06-14 10:02:50,421 INFO  [http-nio-8084-exec-2] c.e.D.controllers.CrewController - Edit query crew 1 by amirbanor@gmail.com [MANAGER]
2023-06-14 10:02:50,435 INFO  [http-nio-8084-exec-10] c.e.D.controllers.CrewController - All crews by amirbanor@gmail.com [MANAGER]
2023-06-14 10:02:53,292 INFO  [http-nio-8084-exec-2] c.e.D.controllers.CrewController - Edit page crew 1 by amirbanor@gmail.com [MANAGER]
2023-06-14 10:02:54,162 INFO  [http-nio-8084-exec-5] c.e.D.c.CrewMemberController - Delete crew member 9 by amirbanor@gmail.com [MANAGER]
2023-06-14 10:02:54,170 INFO  [http-nio-8084-exec-2] c.e.D.controllers.CrewController - Edit page crew 1 by amirbanor@gmail.com [MANAGER]
2023-06-14 10:02:57,470 INFO  [http-nio-8084-exec-5] c.e.D.controllers.CrewController - Edit query crew 1 by amirbanor@gmail.com [MANAGER]
2023-06-14 10:02:57,479 INFO  [http-nio-8084-exec-2] c.e.D.controllers.CrewController - All crews by amirbanor@gmail.com [MANAGER]
2023-06-14 10:03:01,127 INFO  [http-nio-8084-exec-2] c.e.D.controllers.CrewController - Delete crew 7 by amirbanor@gmail.com [MANAGER]
2023-06-14 10:03:01,139 INFO  [http-nio-8084-exec-8] c.e.D.controllers.CrewController - All crews by amirbanor@gmail.com [MANAGER]
2023-06-14 10:03:02,700 INFO  [http-nio-8084-exec-5] c.e.D.c.MaterialsController - All materials by amirbanor@gmail.com [MANAGER]
2023-06-14 10:03:03,980 INFO  [http-nio-8084-exec-6] c.e.D.c.MaterialsController - Add page materials by amirbanor@gmail.com [MANAGER]
2023-06-14 10:03:06,595 INFO  [http-nio-8084-exec-3] c.e.D.c.MaterialsController - Add materials by amirbanor@gmail.com [MANAGER]
2023-06-14 10:03:06,605 INFO  [http-nio-8084-exec-2] c.e.D.c.MaterialsController - All materials by amirbanor@gmail.com [MANAGER]
2023-06-14 10:03:08,300 INFO  [http-nio-8084-exec-9] c.e.D.c.MaterialsController - Delete materials by amirbanor@gmail.com [MANAGER]
2023-06-14 10:03:08,313 INFO  [http-nio-8084-exec-8] c.e.D.c.MaterialsController - All materials by amirbanor@gmail.com [MANAGER]
2023-06-14 10:03:09,739 INFO  [http-nio-8084-exec-6] c.e.D.controllers.ObjectController - All objects by amirbanor@gmail.com [MANAGER]
2023-06-14 10:03:12,834 INFO  [http-nio-8084-exec-8] c.e.D.controllers.ObjectController - Delete page object by amirbanor@gmail.com [MANAGER]
2023-06-14 10:03:12,846 INFO  [http-nio-8084-exec-7] c.e.D.controllers.ObjectController - All objects by amirbanor@gmail.com [MANAGER]
2023-06-14 10:03:13,878 INFO  [http-nio-8084-exec-9] c.e.D.controllers.ObjectController - Add page object by amirbanor@gmail.com [MANAGER]
2023-06-14 10:03:13,891 INFO  [http-nio-8084-exec-3] c.e.D.controllers.ObjectController - All objects by amirbanor@gmail.com [MANAGER]
2023-06-14 10:03:15,111 INFO  [http-nio-8084-exec-5] c.e.D.controllers.ObjectController - Edit page object 12 by amirbanor@gmail.com [MANAGER]
2023-06-14 10:03:18,453 INFO  [http-nio-8084-exec-10] c.e.D.c.ObjectMaterialsController - Add page object_materials 12 by amirbanor@gmail.com [MANAGER]
2023-06-14 10:03:20,401 INFO  [http-nio-8084-exec-8] c.e.D.c.ObjectMaterialsController - Add object_materials 12 by amirbanor@gmail.com [MANAGER]
2023-06-14 10:03:20,420 INFO  [http-nio-8084-exec-3] c.e.D.controllers.ObjectController - Edit page object 12 by amirbanor@gmail.com [MANAGER]
2023-06-14 10:03:21,683 INFO  [http-nio-8084-exec-8] c.e.D.controllers.ObjectController - Add page equipment_object by amirbanor@gmail.com [MANAGER]
2023-06-14 10:03:23,415 INFO  [http-nio-8084-exec-2] c.e.D.controllers.ObjectController - Add equipment_object by amirbanor@gmail.com [MANAGER]
2023-06-14 10:03:23,432 INFO  [http-nio-8084-exec-10] c.e.D.controllers.ObjectController - Edit page object 12 by amirbanor@gmail.com [MANAGER]
2023-06-14 10:03:27,686 INFO  [http-nio-8084-exec-2] c.e.D.controllers.ObjectController - Edit object 12 by amirbanor@gmail.com [MANAGER]
2023-06-14 10:03:27,692 INFO  [http-nio-8084-exec-10] c.e.D.controllers.ObjectController - All objects by amirbanor@gmail.com [MANAGER]
2023-06-14 10:03:29,347 INFO  [http-nio-8084-exec-7] c.e.D.controllers.ObjectController - Edit page object 12 by amirbanor@gmail.com [MANAGER]
2023-06-14 10:03:31,834 INFO  [http-nio-8084-exec-1] c.e.D.controllers.ObjectController - Edit object 12 by amirbanor@gmail.com [MANAGER]
2023-06-14 10:03:31,846 INFO  [http-nio-8084-exec-9] c.e.D.controllers.ObjectController - All objects by amirbanor@gmail.com [MANAGER]
2023-06-14 10:03:32,748 INFO  [http-nio-8084-exec-2] c.e.D.controllers.ObjectController - Delete page object by amirbanor@gmail.com [MANAGER]
2023-06-14 10:03:32,760 INFO  [http-nio-8084-exec-7] c.e.D.controllers.ObjectController - All objects by amirbanor@gmail.com [MANAGER]
2023-06-14 10:03:34,498 INFO  [http-nio-8084-exec-5] c.e.D.c.EquipmentController - All equipments by amirbanor@gmail.com [MANAGER]
2023-06-14 10:03:35,864 INFO  [http-nio-8084-exec-7] c.e.D.c.EquipmentController - Add page equipment by amirbanor@gmail.com [MANAGER]
2023-06-14 10:03:38,804 INFO  [http-nio-8084-exec-7] c.e.D.c.EquipmentController - Add equipment by amirbanor@gmail.com [MANAGER]
2023-06-14 10:03:38,815 INFO  [http-nio-8084-exec-4] c.e.D.c.EquipmentController - All equipments by amirbanor@gmail.com [MANAGER]
2023-06-14 10:03:40,322 INFO  [http-nio-8084-exec-7] c.e.D.c.EquipmentController - All equipments by amirbanor@gmail.com [MANAGER]
2023-06-14 10:03:43,521 INFO  [http-nio-8084-exec-8] c.e.D.c.EquipmentController - Edit page equipment 2 by amirbanor@gmail.com [MANAGER]
2023-06-14 10:03:44,728 INFO  [http-nio-8084-exec-3] c.e.D.c.EquipmentController - Edit equipment 2 by amirbanor@gmail.com [MANAGER]
2023-06-14 10:03:44,735 INFO  [http-nio-8084-exec-2] c.e.D.c.EquipmentController - All equipments by amirbanor@gmail.com [MANAGER]
2023-06-14 10:03:46,077 INFO  [http-nio-8084-exec-10] c.e.D.c.EquipmentController - Edit page equipment 2 by amirbanor@gmail.com [MANAGER]
2023-06-14 10:03:47,688 INFO  [http-nio-8084-exec-2] c.e.D.c.EquipmentController - Edit equipment 2 by amirbanor@gmail.com [MANAGER]
2023-06-14 10:03:47,696 INFO  [http-nio-8084-exec-8] c.e.D.c.EquipmentController - All equipments by amirbanor@gmail.com [MANAGER]
2023-06-14 10:03:49,508 INFO  [http-nio-8084-exec-9] c.e.D.controllers.QueryController - Query1 by amirbanor@gmail.com [MANAGER]
2023-06-14 10:03:52,677 INFO  [http-nio-8084-exec-3] c.e.D.controllers.QueryController - Query1 by amirbanor@gmail.com [MANAGER]
2023-06-14 10:04:01,656 INFO  [http-nio-8084-exec-7] c.e.D.controllers.QueryController - Query2 by amirbanor@gmail.com [MANAGER]
2023-06-14 10:04:03,128 INFO  [http-nio-8084-exec-9] c.e.D.controllers.QueryController - Query1 by amirbanor@gmail.com [MANAGER]
2023-06-14 10:04:04,636 INFO  [http-nio-8084-exec-5] c.e.D.controllers.QueryController - Query2 by amirbanor@gmail.com [MANAGER]
2023-06-14 10:04:06,215 INFO  [http-nio-8084-exec-8] c.e.D.controllers.QueryController - Query2 by amirbanor@gmail.com [MANAGER]
2023-06-14 10:04:08,835 INFO  [http-nio-8084-exec-10] c.e.D.controllers.CrewController - All crews by amirbanor@gmail.com [MANAGER]
2023-06-14 10:04:10,392 INFO  [http-nio-8084-exec-10] c.e.D.controllers.CrewController - Edit page crew 1 by amirbanor@gmail.com [MANAGER]
2023-06-14 10:04:12,346 INFO  [http-nio-8084-exec-8] c.e.D.controllers.QueryController - Query2 by amirbanor@gmail.com [MANAGER]
2023-06-14 10:04:15,182 INFO  [http-nio-8084-exec-3] c.e.D.controllers.QueryController - Query3 by amirbanor@gmail.com [MANAGER]
2023-06-14 10:04:22,752 INFO  [http-nio-8084-exec-7] c.e.D.controllers.QueryController - Query3 by amirbanor@gmail.com [MANAGER]
2023-06-14 10:04:26,596 INFO  [http-nio-8084-exec-4] c.e.D.controllers.QueryController - Query5 by amirbanor@gmail.com [MANAGER]
2023-06-14 10:04:39,259 INFO  [http-nio-8084-exec-9] c.e.D.controllers.QueryController - Query5 by amirbanor@gmail.com [MANAGER]
2023-06-14 10:04:47,391 INFO  [http-nio-8084-exec-6] c.e.D.controllers.QueryController - Query7 by amirbanor@gmail.com [MANAGER]
2023-06-14 10:04:53,793 INFO  [http-nio-8084-exec-10] c.e.D.controllers.QueryController - Query7 by amirbanor@gmail.com [MANAGER]
2023-06-14 10:04:57,004 INFO  [http-nio-8084-exec-3] c.e.D.controllers.QueryController - Query7 by amirbanor@gmail.com [MANAGER]
2023-06-14 10:05:07,907 INFO  [http-nio-8084-exec-8] c.e.D.controllers.QueryController - Query7 by amirbanor@gmail.com [MANAGER]
2023-06-14 10:05:21,811 INFO  [http-nio-8084-exec-6] c.e.D.controllers.QueryController - Query9 by amirbanor@gmail.com [MANAGER]
2023-06-14 10:05:47,100 INFO  [http-nio-8084-exec-4] c.e.D.controllers.QueryController - Query7 by amirbanor@gmail.com [MANAGER]
2023-06-14 10:05:50,821 INFO  [http-nio-8084-exec-10] c.e.D.controllers.QueryController - Query12 by amirbanor@gmail.com [MANAGER]
2023-06-14 10:06:05,858 INFO  [http-nio-8084-exec-7] c.e.D.controllers.QueryController - Query14 by amirbanor@gmail.com [MANAGER]
2023-06-14 10:06:11,617 INFO  [http-nio-8084-exec-2] c.e.D.controllers.QueryController - Query14 by amirbanor@gmail.com [MANAGER]
2023-06-14 10:06:15,230 INFO  [http-nio-8084-exec-3] c.e.D.c.MaterialsController - All materials by amirbanor@gmail.com [MANAGER]
2023-06-14 10:06:15,735 INFO  [http-nio-8084-exec-9] c.e.D.controllers.ObjectController - All objects by amirbanor@gmail.com [MANAGER]
2023-06-14 10:06:17,136 INFO  [http-nio-8084-exec-5] c.e.D.controllers.ObjectController - Edit page object 1 by amirbanor@gmail.com [MANAGER]
2023-06-14 10:06:21,587 INFO  [http-nio-8084-exec-9] c.e.D.controllers.QueryController - Query14 by amirbanor@gmail.com [MANAGER]
2023-06-14 10:06:24,296 INFO  [http-nio-8084-exec-3] c.e.D.controllers.QueryController - Query14 by amirbanor@gmail.com [MANAGER]
2023-06-14 10:06:32,635 INFO  [http-nio-8084-exec-9] c.e.D.controllers.QueryController - Query16 by amirbanor@gmail.com [MANAGER]
2023-06-14 10:06:40,482 INFO  [http-nio-8084-exec-7] c.e.D.controllers.QueryController - Query18 by amirbanor@gmail.com [MANAGER]
2023-06-14 10:06:45,075 INFO  [http-nio-8084-exec-3] c.e.D.controllers.QueryController - Query18 by amirbanor@gmail.com [MANAGER]
2023-06-14 10:06:45,938 INFO  [http-nio-8084-exec-5] c.e.D.controllers.QueryController - Query18 by amirbanor@gmail.com [MANAGER]
2023-06-14 10:06:47,272 INFO  [http-nio-8084-exec-9] c.e.D.controllers.QueryController - Query18 by amirbanor@gmail.com [MANAGER]
2023-06-14 10:06:49,018 INFO  [http-nio-8084-exec-10] c.e.D.controllers.QueryController - Query18 by amirbanor@gmail.com [MANAGER]
2023-06-14 10:06:51,493 INFO  [http-nio-8084-exec-6] c.e.D.controllers.QueryController - Query18 by amirbanor@gmail.com [MANAGER]
2023-06-14 10:07:08,303 INFO  [http-nio-8084-exec-3] c.e.D.controllers.QueryController - Query20 by amirbanor@gmail.com [MANAGER]
2023-06-14 10:07:43,023 INFO  [http-nio-8084-exec-7] c.e.D.controllers.QueryController - Query20 by amirbanor@gmail.com [MANAGER]
2023-06-14 10:07:51,759 INFO  [http-nio-8084-exec-2] c.e.D.controllers.QueryController - Query20 update by amirbanor@gmail.com [MANAGER]
2023-06-14 10:07:51,769 INFO  [http-nio-8084-exec-7] c.e.D.controllers.QueryController - Query20 by amirbanor@gmail.com [MANAGER]
2023-06-14 10:07:55,400 INFO  [http-nio-8084-exec-9] c.e.D.controllers.QueryController - Query19 by amirbanor@gmail.com [MANAGER]
2023-06-14 10:07:56,602 INFO  [http-nio-8084-exec-1] c.e.D.controllers.QueryController - Query19 update by amirbanor@gmail.com [MANAGER]
2023-06-14 10:07:56,613 INFO  [http-nio-8084-exec-6] c.e.D.controllers.QueryController - Query19 by amirbanor@gmail.com [MANAGER]
2023-06-16 02:15:07,549 INFO  [http-nio-8084-exec-4] c.e.D.controllers.MainController - Statistic page by amirbanor@gmail.com [MANAGER]
2023-06-16 02:15:10,380 INFO  [http-nio-8084-exec-4] c.e.D.controllers.QueryController - Query10 by amirbanor@gmail.com [MANAGER]
2023-06-16 02:15:14,807 INFO  [http-nio-8084-exec-4] c.e.D.controllers.QueryController - Query17 by amirbanor@gmail.com [MANAGER]
2023-06-16 02:15:25,543 INFO  [http-nio-8084-exec-9] c.e.D.controllers.QueryController - Query14 by amirbanor@gmail.com [MANAGER]
2023-06-16 02:15:32,945 INFO  [http-nio-8084-exec-10] c.e.D.controllers.QueryController - Query14 by amirbanor@gmail.com [MANAGER]
2023-06-16 02:15:41,685 INFO  [http-nio-8084-exec-2] c.e.D.controllers.QueryController - Query14 by amirbanor@gmail.com [MANAGER]
2023-06-16 02:15:43,420 INFO  [http-nio-8084-exec-8] c.e.D.controllers.QueryController - Query14 by amirbanor@gmail.com [MANAGER]
2023-06-16 02:15:48,705 INFO  [http-nio-8084-exec-9] c.e.D.controllers.QueryController - Query14 by amirbanor@gmail.com [MANAGER]
2023-06-16 02:16:27,331 INFO  [http-nio-8084-exec-1] c.e.D.controllers.QueryController - Query14 by amirbanor@gmail.com [MANAGER]
2023-06-16 02:23:21,572 INFO  [http-nio-8084-exec-5] c.e.D.controllers.MainController - Statistic page by amirbanor@gmail.com [MANAGER]
2023-06-16 02:25:43,799 INFO  [http-nio-8084-exec-2] c.e.D.controllers.MainController - Statistic page by admin@gmail.com [ADMIN]
2023-06-16 02:29:43,129 INFO  [http-nio-8084-exec-7] c.e.D.controllers.MainController - Statistic page by amirbanor@gmail.com [MANAGER]
2023-06-16 02:31:06,169 INFO  [http-nio-8084-exec-7] c.e.D.controllers.MainController - Statistic page by amirbanor@gmail.com [MANAGER]
2023-06-16 02:31:06,696 INFO  [http-nio-8084-exec-5] c.e.D.controllers.CrewController - All crews by amirbanor@gmail.com [MANAGER]
2023-06-16 02:31:09,374 INFO  [http-nio-8084-exec-3] c.e.D.controllers.CrewController - All crews by amirbanor@gmail.com [MANAGER]
2023-06-16 02:31:15,963 INFO  [http-nio-8084-exec-8] c.e.D.c.EquipmentController - All equipments by amirbanor@gmail.com [MANAGER]
2023-06-16 02:31:17,351 INFO  [http-nio-8084-exec-6] c.e.D.controllers.ObjectController - All objects by amirbanor@gmail.com [MANAGER]
2023-06-16 02:31:18,095 INFO  [http-nio-8084-exec-6] c.e.D.c.MaterialsController - All materials by amirbanor@gmail.com [MANAGER]
2023-06-16 02:31:43,634 INFO  [http-nio-8084-exec-3] c.e.D.controllers.MainController - Statistic page by amirbanor@gmail.com [MANAGER]
2023-06-16 02:31:44,755 INFO  [http-nio-8084-exec-1] c.e.D.controllers.CrewController - All crews by amirbanor@gmail.com [MANAGER]
2023-06-16 02:32:23,795 INFO  [http-nio-8084-exec-1] c.e.D.c.MaterialsController - All materials by amirbanor@gmail.com [MANAGER]
2023-06-16 02:32:48,246 INFO  [http-nio-8084-exec-9] c.e.D.controllers.ObjectController - All objects by amirbanor@gmail.com [MANAGER]
2023-06-16 02:33:48,071 INFO  [http-nio-8084-exec-8] c.e.D.c.EquipmentController - All equipments by amirbanor@gmail.com [MANAGER]
2023-06-16 02:35:00,637 INFO  [http-nio-8084-exec-4] c.e.D.controllers.CrewController - All crews by amirbanor@gmail.com [MANAGER]
2023-06-16 02:35:05,423 INFO  [http-nio-8084-exec-4] c.e.D.controllers.CrewController - Add crew by amirbanor@gmail.com [MANAGER]
2023-06-16 02:35:05,433 INFO  [http-nio-8084-exec-9] c.e.D.controllers.CrewController - All crews by amirbanor@gmail.com [MANAGER]
2023-06-16 02:35:49,214 INFO  [http-nio-8084-exec-3] c.e.D.controllers.CrewController - Delete crew 9 by amirbanor@gmail.com [MANAGER]
2023-06-16 02:35:49,221 INFO  [http-nio-8084-exec-4] c.e.D.controllers.CrewController - All crews by amirbanor@gmail.com [MANAGER]
2023-06-16 02:36:22,769 INFO  [http-nio-8084-exec-4] c.e.D.controllers.CrewController - Edit page crew 3 by amirbanor@gmail.com [MANAGER]
2023-06-16 02:37:07,181 INFO  [http-nio-8084-exec-1] c.e.D.c.CrewMemberController - Add page crew member to crew 3 by amirbanor@gmail.com [MANAGER]
2023-06-16 02:37:50,991 INFO  [http-nio-8084-exec-7] c.e.D.c.CrewMemberController - Add crew member to crew 3 by amirbanor@gmail.com [MANAGER]
2023-06-16 02:37:50,998 INFO  [http-nio-8084-exec-6] c.e.D.controllers.CrewController - Edit page crew 3 by amirbanor@gmail.com [MANAGER]
2023-06-16 02:38:00,959 INFO  [http-nio-8084-exec-7] c.e.D.c.CrewMemberController - Edit page crew member 4 by amirbanor@gmail.com [MANAGER]
2023-06-16 02:38:00,976 INFO  [http-nio-8084-exec-5] c.e.D.c.CrewMemberController - Edit page crew member 4 by amirbanor@gmail.com [MANAGER]
2023-06-16 02:38:58,214 INFO  [http-nio-8084-exec-3] c.e.D.c.CrewMemberController - Edit crew member 4 by amirbanor@gmail.com [MANAGER]
2023-06-16 02:38:58,222 INFO  [http-nio-8084-exec-7] c.e.D.controllers.CrewController - Edit page crew 3 by amirbanor@gmail.com [MANAGER]
2023-06-16 02:39:50,059 INFO  [http-nio-8084-exec-1] c.e.D.controllers.CrewController - Edit page crew 3 by amirbanor@gmail.com [MANAGER]
2023-06-16 02:39:51,317 INFO  [http-nio-8084-exec-2] c.e.D.c.CrewMemberController - Edit page crew member 4 by amirbanor@gmail.com [MANAGER]
2023-06-16 02:39:51,340 INFO  [http-nio-8084-exec-7] c.e.D.c.CrewMemberController - Edit page crew member 4 by amirbanor@gmail.com [MANAGER]
2023-06-16 02:39:58,633 INFO  [http-nio-8084-exec-6] c.e.D.c.CrewMemberController - Edit crew member 4 by amirbanor@gmail.com [MANAGER]
2023-06-16 02:39:58,645 INFO  [http-nio-8084-exec-2] c.e.D.controllers.CrewController - Edit page crew 3 by amirbanor@gmail.com [MANAGER]
2023-06-16 02:41:35,798 INFO  [http-nio-8084-exec-1] c.e.D.controllers.CrewController - Edit page crew 3 by amirbanor@gmail.com [MANAGER]
2023-06-16 02:41:36,968 INFO  [http-nio-8084-exec-8] c.e.D.c.CrewMemberController - Edit page crew member 4 by amirbanor@gmail.com [MANAGER]
2023-06-16 02:41:36,990 INFO  [http-nio-8084-exec-9] c.e.D.c.CrewMemberController - Edit page crew member 4 by amirbanor@gmail.com [MANAGER]
2023-06-16 02:41:49,425 INFO  [http-nio-8084-exec-8] c.e.D.c.CrewMemberController - Edit crew member 4 by amirbanor@gmail.com [MANAGER]
2023-06-16 02:41:49,437 INFO  [http-nio-8084-exec-1] c.e.D.controllers.CrewController - Edit page crew 3 by amirbanor@gmail.com [MANAGER]
2023-06-16 02:42:33,607 INFO  [http-nio-8084-exec-7] c.e.D.c.CrewMemberController - Delete crew member 10 by amirbanor@gmail.com [MANAGER]
2023-06-16 02:42:33,614 INFO  [http-nio-8084-exec-5] c.e.D.controllers.CrewController - Edit page crew 3 by amirbanor@gmail.com [MANAGER]
2023-06-16 02:43:12,948 INFO  [http-nio-8084-exec-7] c.e.D.controllers.CrewController - Edit query crew 3 by amirbanor@gmail.com [MANAGER]
2023-06-16 02:43:12,977 INFO  [http-nio-8084-exec-5] c.e.D.controllers.CrewController - All crews by amirbanor@gmail.com [MANAGER]
2023-06-16 02:44:20,795 INFO  [http-nio-8084-exec-4] c.e.D.c.MaterialsController - All materials by amirbanor@gmail.com [MANAGER]
2023-06-16 02:44:23,279 INFO  [http-nio-8084-exec-7] c.e.D.c.MaterialsController - Edit page materials 1 by amirbanor@gmail.com [MANAGER]
2023-06-16 02:44:26,657 INFO  [http-nio-8084-exec-10] c.e.D.c.MaterialsController - All materials by amirbanor@gmail.com [MANAGER]
2023-06-16 02:44:27,889 INFO  [http-nio-8084-exec-3] c.e.D.c.MaterialsController - Add page materials by amirbanor@gmail.com [MANAGER]
2023-06-16 02:45:04,278 INFO  [http-nio-8084-exec-7] c.e.D.c.MaterialsController - Add materials by amirbanor@gmail.com [MANAGER]
2023-06-16 02:45:04,285 INFO  [http-nio-8084-exec-1] c.e.D.c.MaterialsController - All materials by amirbanor@gmail.com [MANAGER]
2023-06-16 02:45:41,600 INFO  [http-nio-8084-exec-8] c.e.D.c.MaterialsController - Edit page materials 7 by amirbanor@gmail.com [MANAGER]
2023-06-16 02:46:16,213 INFO  [http-nio-8084-exec-1] c.e.D.c.MaterialsController - All materials by amirbanor@gmail.com [MANAGER]
2023-06-16 02:46:16,960 INFO  [http-nio-8084-exec-8] c.e.D.c.MaterialsController - All materials by amirbanor@gmail.com [MANAGER]
2023-06-16 02:46:18,151 INFO  [http-nio-8084-exec-8] c.e.D.c.MaterialsController - Edit page materials 7 by amirbanor@gmail.com [MANAGER]
2023-06-16 02:46:46,352 INFO  [http-nio-8084-exec-10] c.e.D.c.MaterialsController - Edit materials 7 by amirbanor@gmail.com [MANAGER]
2023-06-16 02:46:46,363 INFO  [http-nio-8084-exec-7] c.e.D.c.MaterialsController - All materials by amirbanor@gmail.com [MANAGER]
2023-06-16 02:47:26,879 INFO  [http-nio-8084-exec-4] c.e.D.c.MaterialsController - Delete materials by amirbanor@gmail.com [MANAGER]
2023-06-16 02:47:26,886 INFO  [http-nio-8084-exec-10] c.e.D.c.MaterialsController - All materials by amirbanor@gmail.com [MANAGER]
2023-06-16 02:47:53,843 INFO  [http-nio-8084-exec-9] c.e.D.controllers.ObjectController - All objects by amirbanor@gmail.com [MANAGER]
2023-06-16 02:48:02,478 INFO  [http-nio-8084-exec-8] c.e.D.c.EquipmentController - All equipments by amirbanor@gmail.com [MANAGER]
2023-06-16 02:48:04,560 INFO  [http-nio-8084-exec-6] c.e.D.c.EquipmentController - Add page equipment by amirbanor@gmail.com [MANAGER]
2023-06-16 02:50:42,116 INFO  [http-nio-8084-exec-1] c.e.D.c.EquipmentController - Add page equipment by amirbanor@gmail.com [MANAGER]
2023-06-16 02:51:06,178 INFO  [http-nio-8084-exec-2] c.e.D.c.EquipmentController - Add equipment by amirbanor@gmail.com [MANAGER]
2023-06-16 02:51:06,241 INFO  [http-nio-8084-exec-10] c.e.D.c.EquipmentController - All equipments by amirbanor@gmail.com [MANAGER]
2023-06-16 02:51:33,180 INFO  [http-nio-8084-exec-2] c.e.D.c.EquipmentController - Edit page equipment 5 by amirbanor@gmail.com [MANAGER]
2023-06-16 02:52:07,282 INFO  [http-nio-8084-exec-5] c.e.D.c.EquipmentController - Edit equipment 5 by amirbanor@gmail.com [MANAGER]
2023-06-16 02:52:07,289 INFO  [http-nio-8084-exec-4] c.e.D.c.EquipmentController - All equipments by amirbanor@gmail.com [MANAGER]
2023-06-16 02:52:29,103 INFO  [http-nio-8084-exec-5] c.e.D.c.EquipmentController - All equipments by amirbanor@gmail.com [MANAGER]
2023-06-16 02:52:54,204 INFO  [http-nio-8084-exec-7] c.e.D.controllers.ObjectController - All objects by amirbanor@gmail.com [MANAGER]
2023-06-16 02:52:55,469 INFO  [http-nio-8084-exec-3] c.e.D.controllers.ObjectController - Add page object by amirbanor@gmail.com [MANAGER]
2023-06-16 02:52:55,477 INFO  [http-nio-8084-exec-7] c.e.D.controllers.ObjectController - All objects by amirbanor@gmail.com [MANAGER]
2023-06-16 02:53:31,419 INFO  [http-nio-8084-exec-2] c.e.D.controllers.ObjectController - Edit page object 13 by amirbanor@gmail.com [MANAGER]
2023-06-16 02:53:40,510 INFO  [http-nio-8084-exec-3] c.e.D.c.ObjectMaterialsController - Add page object_materials 13 by amirbanor@gmail.com [MANAGER]
2023-06-16 02:53:43,127 INFO  [http-nio-8084-exec-10] c.e.D.c.ObjectMaterialsController - Add object_materials 13 by amirbanor@gmail.com [MANAGER]
2023-06-16 02:53:43,138 INFO  [http-nio-8084-exec-8] c.e.D.controllers.ObjectController - Edit page object 13 by amirbanor@gmail.com [MANAGER]
2023-06-16 02:53:47,936 INFO  [http-nio-8084-exec-7] c.e.D.controllers.ObjectController - Add page equipment_object by amirbanor@gmail.com [MANAGER]
2023-06-16 02:53:49,411 INFO  [http-nio-8084-exec-9] c.e.D.controllers.ObjectController - Add equipment_object by amirbanor@gmail.com [MANAGER]
2023-06-16 02:53:49,421 INFO  [http-nio-8084-exec-5] c.e.D.controllers.ObjectController - Edit page object 13 by amirbanor@gmail.com [MANAGER]
2023-06-16 02:54:23,895 INFO  [http-nio-8084-exec-9] c.e.D.controllers.ObjectController - Edit object 13 by amirbanor@gmail.com [MANAGER]
2023-06-16 02:54:23,903 INFO  [http-nio-8084-exec-5] c.e.D.controllers.ObjectController - All objects by amirbanor@gmail.com [MANAGER]
2023-06-16 02:54:35,378 INFO  [http-nio-8084-exec-4] c.e.D.controllers.ObjectController - Delete page object by amirbanor@gmail.com [MANAGER]
2023-06-16 02:54:35,386 INFO  [http-nio-8084-exec-5] c.e.D.controllers.ObjectController - All objects by amirbanor@gmail.com [MANAGER]
2023-06-16 02:54:57,659 INFO  [http-nio-8084-exec-10] c.e.D.controllers.QueryController - Query1 by amirbanor@gmail.com [MANAGER]
2023-06-16 02:54:59,554 INFO  [http-nio-8084-exec-1] c.e.D.controllers.QueryController - Query1 by amirbanor@gmail.com [MANAGER]
2023-06-16 02:55:47,040 INFO  [http-nio-8084-exec-3] c.e.D.controllers.QueryController - Query2 by amirbanor@gmail.com [MANAGER]
2023-06-16 02:55:49,136 INFO  [http-nio-8084-exec-7] c.e.D.controllers.QueryController - Query2 by amirbanor@gmail.com [MANAGER]
2023-06-16 02:56:19,152 INFO  [http-nio-8084-exec-3] c.e.D.controllers.QueryController - Query3 by amirbanor@gmail.com [MANAGER]
2023-06-16 02:56:25,765 INFO  [http-nio-8084-exec-10] c.e.D.controllers.QueryController - Query3 by amirbanor@gmail.com [MANAGER]
2023-06-16 02:56:55,740 INFO  [http-nio-8084-exec-4] c.e.D.controllers.QueryController - Query4 by amirbanor@gmail.com [MANAGER]
2023-06-16 02:57:00,307 INFO  [http-nio-8084-exec-8] c.e.D.controllers.QueryController - Query4 by amirbanor@gmail.com [MANAGER]
2023-06-16 02:57:23,137 INFO  [http-nio-8084-exec-3] c.e.D.controllers.QueryController - Query5 by amirbanor@gmail.com [MANAGER]
2023-06-16 02:57:38,406 INFO  [http-nio-8084-exec-7] c.e.D.controllers.QueryController - Query5 by amirbanor@gmail.com [MANAGER]
2023-06-16 02:58:11,376 INFO  [http-nio-8084-exec-3] c.e.D.controllers.QueryController - Query6 by amirbanor@gmail.com [MANAGER]
2023-06-16 02:58:24,020 INFO  [http-nio-8084-exec-5] c.e.D.controllers.QueryController - Query6 by amirbanor@gmail.com [MANAGER]
2023-06-16 02:58:27,274 INFO  [http-nio-8084-exec-4] c.e.D.c.MaterialsController - All materials by amirbanor@gmail.com [MANAGER]
2023-06-16 02:58:32,617 INFO  [http-nio-8084-exec-2] c.e.D.controllers.QueryController - Query5 by amirbanor@gmail.com [MANAGER]
2023-06-16 02:58:35,272 INFO  [http-nio-8084-exec-7] c.e.D.controllers.QueryController - Query6 by amirbanor@gmail.com [MANAGER]
2023-06-16 02:58:41,317 INFO  [http-nio-8084-exec-1] c.e.D.controllers.QueryController - Query6 by amirbanor@gmail.com [MANAGER]
2023-06-16 02:59:15,585 INFO  [http-nio-8084-exec-4] c.e.D.controllers.QueryController - Query7 by amirbanor@gmail.com [MANAGER]
2023-06-16 02:59:31,864 INFO  [http-nio-8084-exec-3] c.e.D.controllers.QueryController - Query7 by amirbanor@gmail.com [MANAGER]
2023-06-16 02:59:57,981 INFO  [http-nio-8084-exec-7] c.e.D.controllers.QueryController - Query8 by amirbanor@gmail.com [MANAGER]
2023-06-16 03:00:10,188 INFO  [http-nio-8084-exec-10] c.e.D.controllers.QueryController - Query8 by amirbanor@gmail.com [MANAGER]
2023-06-16 03:00:45,133 INFO  [http-nio-8084-exec-5] c.e.D.controllers.QueryController - Query9 by amirbanor@gmail.com [MANAGER]
2023-06-16 03:02:47,743 INFO  [http-nio-8084-exec-6] c.e.D.controllers.QueryController - Query10 by amirbanor@gmail.com [MANAGER]
2023-06-16 03:03:01,968 INFO  [http-nio-8084-exec-4] c.e.D.controllers.QueryController - Query11 by amirbanor@gmail.com [MANAGER]
2023-06-16 03:03:17,074 INFO  [http-nio-8084-exec-5] c.e.D.controllers.QueryController - Query12 by amirbanor@gmail.com [MANAGER]
2023-06-16 03:03:30,124 INFO  [http-nio-8084-exec-9] c.e.D.controllers.QueryController - Query13 by amirbanor@gmail.com [MANAGER]
2023-06-16 03:03:34,692 INFO  [http-nio-8084-exec-10] c.e.D.controllers.QueryController - Query13 by amirbanor@gmail.com [MANAGER]
2023-06-16 03:03:37,475 INFO  [http-nio-8084-exec-9] c.e.D.controllers.QueryController - Query13 by amirbanor@gmail.com [MANAGER]
2023-06-16 03:03:52,368 INFO  [http-nio-8084-exec-3] c.e.D.controllers.QueryController - Query14 by amirbanor@gmail.com [MANAGER]
2023-06-16 03:03:59,873 INFO  [http-nio-8084-exec-6] c.e.D.controllers.QueryController - Query14 by amirbanor@gmail.com [MANAGER]
2023-06-16 03:04:01,072 INFO  [http-nio-8084-exec-1] c.e.D.controllers.QueryController - Query14 by amirbanor@gmail.com [MANAGER]
2023-06-16 03:04:02,269 INFO  [http-nio-8084-exec-10] c.e.D.controllers.QueryController - Query14 by amirbanor@gmail.com [MANAGER]
2023-06-16 03:04:09,073 INFO  [http-nio-8084-exec-2] c.e.D.controllers.QueryController - Query14 by amirbanor@gmail.com [MANAGER]
2023-06-16 03:04:13,083 INFO  [http-nio-8084-exec-9] c.e.D.controllers.QueryController - Query14 by amirbanor@gmail.com [MANAGER]
2023-06-16 03:04:25,978 INFO  [http-nio-8084-exec-6] c.e.D.controllers.QueryController - Query15 by amirbanor@gmail.com [MANAGER]
2023-06-16 03:05:11,836 INFO  [http-nio-8084-exec-3] c.e.D.controllers.QueryController - Query16 by amirbanor@gmail.com [MANAGER]
2023-06-16 03:05:22,590 INFO  [http-nio-8084-exec-4] c.e.D.controllers.QueryController - Query17 by amirbanor@gmail.com [MANAGER]
2023-06-16 03:05:27,142 INFO  [http-nio-8084-exec-1] c.e.D.controllers.QueryController - Query17 by amirbanor@gmail.com [MANAGER]
2023-06-16 03:05:40,243 INFO  [http-nio-8084-exec-5] c.e.D.controllers.QueryController - Query18 by amirbanor@gmail.com [MANAGER]
2023-06-16 03:05:43,962 INFO  [http-nio-8084-exec-2] c.e.D.controllers.QueryController - Query18 by amirbanor@gmail.com [MANAGER]
2023-06-16 03:05:45,882 INFO  [http-nio-8084-exec-6] c.e.D.controllers.QueryController - Query18 by amirbanor@gmail.com [MANAGER]
2023-06-16 03:06:00,403 INFO  [http-nio-8084-exec-7] c.e.D.controllers.QueryController - Query19 by amirbanor@gmail.com [MANAGER]
2023-06-16 03:06:32,322 INFO  [http-nio-8084-exec-3] c.e.D.controllers.QueryController - Query19 by amirbanor@gmail.com [MANAGER]
2023-06-16 03:06:37,843 INFO  [http-nio-8084-exec-5] c.e.D.controllers.QueryController - Query19 update by amirbanor@gmail.com [MANAGER]
2023-06-16 03:06:37,850 INFO  [http-nio-8084-exec-8] c.e.D.controllers.QueryController - Query19 by amirbanor@gmail.com [MANAGER]
2023-06-16 03:06:59,184 INFO  [http-nio-8084-exec-5] c.e.D.controllers.QueryController - Query20 by amirbanor@gmail.com [MANAGER]
2023-06-16 03:07:00,856 INFO  [http-nio-8084-exec-10] c.e.D.controllers.QueryController - Query20 update by amirbanor@gmail.com [MANAGER]
2023-06-16 03:07:00,863 INFO  [http-nio-8084-exec-7] c.e.D.controllers.QueryController - Query20 by amirbanor@gmail.com [MANAGER]
2023-09-25 19:51:27,502 INFO  [http-nio-8084-exec-6] c.e.D.controllers.MainController - Statistic page by amirbanor@gmail.com [MANAGER]
2023-09-25 19:51:51,804 INFO  [http-nio-8084-exec-1] c.e.D.controllers.MainController - Statistic page by amirbanor@gmail.com [MANAGER]
2023-09-25 19:51:54,144 INFO  [http-nio-8084-exec-3] c.e.D.c.MaterialsController - All materials by amirbanor@gmail.com [MANAGER]
2023-09-25 19:51:55,598 INFO  [http-nio-8084-exec-9] c.e.D.controllers.ObjectController - All objects by amirbanor@gmail.com [MANAGER]
2023-09-25 19:51:58,191 INFO  [http-nio-8084-exec-6] c.e.D.controllers.ObjectController - Add page object by amirbanor@gmail.com [MANAGER]
2023-09-25 19:51:58,204 INFO  [http-nio-8084-exec-5] c.e.D.controllers.ObjectController - All objects by amirbanor@gmail.com [MANAGER]
2023-09-25 19:52:00,283 INFO  [http-nio-8084-exec-8] c.e.D.controllers.ObjectController - All objects by amirbanor@gmail.com [MANAGER]
2023-09-25 19:52:02,667 INFO  [http-nio-8084-exec-9] c.e.D.controllers.ObjectController - Edit page object 4 by amirbanor@gmail.com [MANAGER]
2023-09-25 19:52:04,135 INFO  [http-nio-8084-exec-2] c.e.D.controllers.ObjectController - All objects by amirbanor@gmail.com [MANAGER]
2023-09-25 19:52:11,916 INFO  [http-nio-8084-exec-9] c.e.D.controllers.QueryController - Query16 by amirbanor@gmail.com [MANAGER]
2023-09-25 19:52:21,828 INFO  [http-nio-8084-exec-1] c.e.D.controllers.CrewController - All crews by amirbanor@gmail.com [MANAGER]
2023-09-25 19:52:22,690 INFO  [http-nio-8084-exec-5] c.e.D.controllers.MainController - Statistic page by amirbanor@gmail.com [MANAGER]
